./include/rpg.h:228: MAJOR:C-F3
./include/rpg.h:236: MAJOR:C-F3
./src/game.c:37: MINOR:C-G7
./src/game.c:69: MINOR:C-F8
./src/game.c:78: MAJOR:C-F4
./src/game.c:79: MAJOR:C-F4
./src/game.c:80: MAJOR:C-F4
./src/game.c:81: MAJOR:C-F4
./src/game_menu.c:70: MAJOR:C-F3
./src/game_menu.c:90: MAJOR:C-O3
./src/game_menu.c:101: MINOR:C-F8
./src/game_sec.c:62: MINOR:C-F8
./src/skillpoint.c:71: INFO:C-A3
./src/skilltree.c:30: MAJOR:C-F3
./src/skilltree.c:32: MAJOR:C-F3
./src/skilltree.c:33: MAJOR:C-F3
./src/skilltree.c:49: MAJOR:C-F4
./src/skilltree.c:50: MAJOR:C-F4
./src/skilltree.c:51: MAJOR:C-F4
./src/skilltree.c:52: MAJOR:C-F4
./src/skilltree.c:53: MAJOR:C-F4
./src/skilltree.c:54: MAJOR:C-F4
./src/skilltree.c:55: MAJOR:C-F4
./src/skilltree.c:56: MAJOR:C-F4
./src/skilltree.c:57: MAJOR:C-F4
./src/skilltree.c:60: MAJOR:C-F3
./src/skilltree.c:110: MAJOR:C-F4
